<?xml version="1.0" encoding="UTF-8"?>
<!-- Generated by org.testng.reporters.JUnitXMLReporter -->
<testsuite ignored="0" hostname="mhaskar-WX-1" failures="0" tests="3" name="Default test" time="63.937" errors="0" timestamp="2021-09-23T14:45:30 GMT+05:30">
  <testcase classname="cucumber.api.testng.AbstractTestNGCucumberTests" name="feature" time="39.761"/>
  <testcase classname="cucumber.api.testng.AbstractTestNGCucumberTests" name="feature" time="11.089"/>
  <testcase classname="cucumber.api.testng.AbstractTestNGCucumberTests" name="feature" time="12.461"/>
</testsuite> <!-- Default test -->
