<?xml version="1.0" encoding="UTF-8"?>
<testng-results ignored="0" total="3" passed="3" failed="0" skipped="0">
  <reporter-output>
  </reporter-output>
  <suite started-at="2021-09-23T14:44:27 GMT+05:30" name="Default suite" finished-at="2021-09-23T14:45:30 GMT+05:30" duration-ms="63937">
    <groups>
      <group name="cucumber">
        <method signature="AbstractTestNGCucumberTests.feature(cucumber.api.testng.CucumberFeatureWrapper)[pri:0, instance:runner.TestRunner@5a63f509]" name="feature" class="cucumber.api.testng.AbstractTestNGCucumberTests"/>
      </group> <!-- cucumber -->
    </groups>
    <test started-at="2021-09-23T14:44:27 GMT+05:30" name="Default test" finished-at="2021-09-23T14:45:30 GMT+05:30" duration-ms="63937">
      <class name="runner.TestRunner">
        <test-method is-config="true" signature="initSetup()[pri:0, instance:runner.TestRunner@5a63f509]" started-at="2021-09-23T14:44:25 GMT+05:30" name="initSetup" finished-at="2021-09-23T14:44:26 GMT+05:30" duration-ms="1953" status="PASS">
          <reporter-output>
          </reporter-output>
        </test-method> <!-- initSetup -->
        <test-method is-config="true" signature="setUpClass()[pri:0, instance:runner.TestRunner@5a63f509]" started-at="2021-09-23T14:44:27 GMT+05:30" name="setUpClass" finished-at="2021-09-23T14:44:27 GMT+05:30" duration-ms="203" status="PASS">
          <reporter-output>
          </reporter-output>
        </test-method> <!-- setUpClass -->
        <test-method signature="feature(cucumber.api.testng.CucumberFeatureWrapper)[pri:0, instance:runner.TestRunner@5a63f509]" started-at="2021-09-23T14:44:27 GMT+05:30" name="feature" description="Runs Cucumber Feature" data-provider="features" finished-at="2021-09-23T14:45:07 GMT+05:30" duration-ms="39761" status="PASS">
          <params>
            <param index="0">
              <value>
                <![CDATA[Verify channel post comment - post emoji]]>
              </value>
            </param>
          </params>
          <reporter-output>
          </reporter-output>
        </test-method> <!-- feature -->
        <test-method is-config="true" signature="tearDown(org.testng.ITestResult)[pri:0, instance:runner.TestRunner@5a63f509]" started-at="2021-09-23T14:45:07 GMT+05:30" name="tearDown" finished-at="2021-09-23T14:45:07 GMT+05:30" duration-ms="1" status="PASS">
          <params>
            <param index="0">
              <value>
                <![CDATA[[TestResult name=feature status=SUCCESS method=AbstractTestNGCucumberTests.feature(cucumber.api.testng.CucumberFeatureWrapper)[pri:0, instance:runner.TestRunner@5a63f509] output={null}]]]>
              </value>
            </param>
          </params>
          <reporter-output>
          </reporter-output>
        </test-method> <!-- tearDown -->
        <test-method signature="feature(cucumber.api.testng.CucumberFeatureWrapper)[pri:0, instance:runner.TestRunner@5a63f509]" started-at="2021-09-23T14:45:07 GMT+05:30" name="feature" description="Runs Cucumber Feature" data-provider="features" finished-at="2021-09-23T14:45:18 GMT+05:30" duration-ms="11089" status="PASS">
          <params>
            <param index="0">
              <value>
                <![CDATA[Verify publish post functionality]]>
              </value>
            </param>
          </params>
          <reporter-output>
          </reporter-output>
        </test-method> <!-- feature -->
        <test-method is-config="true" signature="tearDown(org.testng.ITestResult)[pri:0, instance:runner.TestRunner@5a63f509]" started-at="2021-09-23T14:45:18 GMT+05:30" name="tearDown" finished-at="2021-09-23T14:45:18 GMT+05:30" duration-ms="0" status="PASS">
          <params>
            <param index="0">
              <value>
                <![CDATA[[TestResult name=feature status=SUCCESS method=AbstractTestNGCucumberTests.feature(cucumber.api.testng.CucumberFeatureWrapper)[pri:0, instance:runner.TestRunner@5a63f509] output={null}]]]>
              </value>
            </param>
          </params>
          <reporter-output>
          </reporter-output>
        </test-method> <!-- tearDown -->
        <test-method signature="feature(cucumber.api.testng.CucumberFeatureWrapper)[pri:0, instance:runner.TestRunner@5a63f509]" started-at="2021-09-23T14:45:18 GMT+05:30" name="feature" description="Runs Cucumber Feature" data-provider="features" finished-at="2021-09-23T14:45:30 GMT+05:30" duration-ms="12461" status="PASS">
          <params>
            <param index="0">
              <value>
                <![CDATA[Verify create new page functionality]]>
              </value>
            </param>
          </params>
          <reporter-output>
          </reporter-output>
        </test-method> <!-- feature -->
        <test-method is-config="true" signature="tearDown(org.testng.ITestResult)[pri:0, instance:runner.TestRunner@5a63f509]" started-at="2021-09-23T14:45:30 GMT+05:30" name="tearDown" finished-at="2021-09-23T14:45:30 GMT+05:30" duration-ms="0" status="PASS">
          <params>
            <param index="0">
              <value>
                <![CDATA[[TestResult name=feature status=SUCCESS method=AbstractTestNGCucumberTests.feature(cucumber.api.testng.CucumberFeatureWrapper)[pri:0, instance:runner.TestRunner@5a63f509] output={null}]]]>
              </value>
            </param>
          </params>
          <reporter-output>
          </reporter-output>
        </test-method> <!-- tearDown -->
        <test-method is-config="true" signature="setup()[pri:0, instance:runner.TestRunner@5a63f509]" started-at="2021-09-23T14:45:30 GMT+05:30" name="setup" finished-at="2021-09-23T14:45:30 GMT+05:30" duration-ms="14" status="PASS">
          <reporter-output>
          </reporter-output>
        </test-method> <!-- setup -->
        <test-method is-config="true" signature="tearDownClass()[pri:0, instance:runner.TestRunner@5a63f509]" started-at="2021-09-23T14:45:30 GMT+05:30" name="tearDownClass" finished-at="2021-09-23T14:45:30 GMT+05:30" duration-ms="268" status="PASS">
          <reporter-output>
          </reporter-output>
        </test-method> <!-- tearDownClass -->
        <test-method is-config="true" signature="closeBrowser()[pri:0, instance:runner.TestRunner@5a63f509]" started-at="2021-09-23T14:45:30 GMT+05:30" name="closeBrowser" finished-at="2021-09-23T14:45:31 GMT+05:30" duration-ms="994" status="PASS">
          <reporter-output>
          </reporter-output>
        </test-method> <!-- closeBrowser -->
      </class> <!-- runner.TestRunner -->
    </test> <!-- Default test -->
  </suite> <!-- Default suite -->
</testng-results>
